c:\users\tlacu\source\repos\miguelayala25\vgp332\finalsimulation\x64\debug\vc143.pdb
c:\users\tlacu\source\repos\miguelayala25\vgp332\finalsimulation\x64\debug\vc143.idb
c:\users\tlacu\source\repos\miguelayala25\vgp332\finalsimulation\x64\debug\visualsensor.obj
c:\users\tlacu\source\repos\miguelayala25\vgp332\finalsimulation\x64\debug\tilemap.obj
c:\users\tlacu\source\repos\miguelayala25\vgp332\finalsimulation\x64\debug\mineral.obj
c:\users\tlacu\source\repos\miguelayala25\vgp332\finalsimulation\x64\debug\explorerstates.obj
c:\users\tlacu\source\repos\miguelayala25\vgp332\finalsimulation\x64\debug\explorer.obj
c:\users\tlacu\source\repos\miguelayala25\vgp332\finalsimulation\x64\debug\collectorstates.obj
c:\users\tlacu\source\repos\miguelayala25\vgp332\finalsimulation\x64\debug\collector.obj
c:\users\tlacu\source\repos\miguelayala25\vgp332\finalsimulation\x64\debug\agentmanager.obj
c:\users\tlacu\source\repos\miguelayala25\vgp332\finalsimulation\x64\debug\winmain.obj
c:\users\tlacu\source\repos\miguelayala25\vgp332\x64\debug\finalsimulation.lib
c:\users\tlacu\source\repos\miguelayala25\vgp332\x64\debug\finalsimulation.exp
c:\users\tlacu\source\repos\miguelayala25\vgp332\x64\debug\finalsimulation.exe
c:\users\tlacu\source\repos\miguelayala25\vgp332\finalsimulation\x64\debug\finalsimulation.ilk
c:\users\tlacu\source\repos\miguelayala25\vgp332\x64\debug\finalsimulation.pdb
c:\users\tlacu\source\repos\miguelayala25\vgp332\finalsimulation\x64\debug\finalsimulation.tlog\cl.command.1.tlog
c:\users\tlacu\source\repos\miguelayala25\vgp332\finalsimulation\x64\debug\finalsimulation.tlog\cl.items.tlog
c:\users\tlacu\source\repos\miguelayala25\vgp332\finalsimulation\x64\debug\finalsimulation.tlog\cl.read.1.tlog
c:\users\tlacu\source\repos\miguelayala25\vgp332\finalsimulation\x64\debug\finalsimulation.tlog\cl.write.1.tlog
c:\users\tlacu\source\repos\miguelayala25\vgp332\finalsimulation\x64\debug\finalsimulation.tlog\link.command.1.tlog
c:\users\tlacu\source\repos\miguelayala25\vgp332\finalsimulation\x64\debug\finalsimulation.tlog\link.read.1.tlog
c:\users\tlacu\source\repos\miguelayala25\vgp332\finalsimulation\x64\debug\finalsimulation.tlog\link.write.1.tlog
c:\users\tlacu\source\repos\miguelayala25\vgp332\finalsimulation\x64\debug\finalsimulation.tlog\link.write.2u.tlog
