  GoalArriveAtPosition.cpp
  GoalHarvestMineral.cpp
  GoalMoveToPosition.cpp
  GoalSeekToPositon.cpp
  GoalWander.cpp
  Mineral.cpp
  Raven.cpp
C:\Users\tlacu\source\repos\MiguelAyala25\VGP332\DecisionMaking\Raven.cpp(111,45): warning C4244: 'initializing': conversion from 'uint32_t' to 'float', possible loss of data
C:\Users\tlacu\source\repos\MiguelAyala25\VGP332\DecisionMaking\Raven.cpp(111,26): warning C4244: 'initializing': conversion from 'uint32_t' to 'const float', possible loss of data
C:\Users\tlacu\source\repos\MiguelAyala25\VGP332\DecisionMaking\Raven.cpp(112,47): warning C4244: 'initializing': conversion from 'uint32_t' to 'float', possible loss of data
C:\Users\tlacu\source\repos\MiguelAyala25\VGP332\DecisionMaking\Raven.cpp(112,27): warning C4244: 'initializing': conversion from 'uint32_t' to 'const float', possible loss of data
  RavenGoToMineralStrategy.cpp
  RavenHarvestStrategy.cpp
  RavenHuntStrategy.cpp
  RavenStrategy.cpp
  SCV.cpp
C:\Users\tlacu\source\repos\MiguelAyala25\VGP332\DecisionMaking\SCV.cpp(94,40): warning C4244: '=': conversion from 'double' to 'float', possible loss of data
  VisualSensor.cpp
  WinMain.cpp
C:\Users\tlacu\source\repos\MiguelAyala25\VGP332\DecisionMaking\WinMain.cpp(49,45): warning C4244: 'initializing': conversion from 'uint32_t' to 'float', possible loss of data
C:\Users\tlacu\source\repos\MiguelAyala25\VGP332\DecisionMaking\WinMain.cpp(49,26): warning C4244: 'initializing': conversion from 'uint32_t' to 'const float', possible loss of data
C:\Users\tlacu\source\repos\MiguelAyala25\VGP332\DecisionMaking\WinMain.cpp(50,47): warning C4244: 'initializing': conversion from 'uint32_t' to 'float', possible loss of data
C:\Users\tlacu\source\repos\MiguelAyala25\VGP332\DecisionMaking\WinMain.cpp(50,27): warning C4244: 'initializing': conversion from 'uint32_t' to 'const float', possible loss of data
C:\Users\tlacu\source\repos\MiguelAyala25\VGP332\DecisionMaking\WinMain.cpp(77,45): warning C4244: 'initializing': conversion from 'uint32_t' to 'float', possible loss of data
C:\Users\tlacu\source\repos\MiguelAyala25\VGP332\DecisionMaking\WinMain.cpp(77,26): warning C4244: 'initializing': conversion from 'uint32_t' to 'const float', possible loss of data
C:\Users\tlacu\source\repos\MiguelAyala25\VGP332\DecisionMaking\WinMain.cpp(78,47): warning C4244: 'initializing': conversion from 'uint32_t' to 'float', possible loss of data
C:\Users\tlacu\source\repos\MiguelAyala25\VGP332\DecisionMaking\WinMain.cpp(78,27): warning C4244: 'initializing': conversion from 'uint32_t' to 'const float', possible loss of data
  Generating Code...
     Creating library C:\Users\tlacu\source\repos\MiguelAyala25\VGP332\x64\Debug\DecisionMaking.lib and object C:\Users\tlacu\source\repos\MiguelAyala25\VGP332\x64\Debug\DecisionMaking.exp
  DecisionMaking.vcxproj -> C:\Users\tlacu\source\repos\MiguelAyala25\VGP332\x64\Debug\DecisionMaking.exe
