c:\users\tlacu\source\repos\miguelayala25\vgp332\decisionmaking\x64\debug\vc143.pdb
c:\users\tlacu\source\repos\miguelayala25\vgp332\decisionmaking\x64\debug\vc143.idb
c:\users\tlacu\source\repos\miguelayala25\vgp332\decisionmaking\x64\debug\winmain.obj
c:\users\tlacu\source\repos\miguelayala25\vgp332\decisionmaking\x64\debug\visualsensor.obj
c:\users\tlacu\source\repos\miguelayala25\vgp332\decisionmaking\x64\debug\scv.obj
c:\users\tlacu\source\repos\miguelayala25\vgp332\decisionmaking\x64\debug\ravenstrategy.obj
c:\users\tlacu\source\repos\miguelayala25\vgp332\decisionmaking\x64\debug\ravenhuntstrategy.obj
c:\users\tlacu\source\repos\miguelayala25\vgp332\decisionmaking\x64\debug\ravenharveststrategy.obj
c:\users\tlacu\source\repos\miguelayala25\vgp332\decisionmaking\x64\debug\ravengotomineralstrategy.obj
c:\users\tlacu\source\repos\miguelayala25\vgp332\decisionmaking\x64\debug\raven.obj
c:\users\tlacu\source\repos\miguelayala25\vgp332\decisionmaking\x64\debug\mineral.obj
c:\users\tlacu\source\repos\miguelayala25\vgp332\decisionmaking\x64\debug\goalwander.obj
c:\users\tlacu\source\repos\miguelayala25\vgp332\decisionmaking\x64\debug\goalseektopositon.obj
c:\users\tlacu\source\repos\miguelayala25\vgp332\decisionmaking\x64\debug\goalmovetoposition.obj
c:\users\tlacu\source\repos\miguelayala25\vgp332\decisionmaking\x64\debug\goalharvestmineral.obj
c:\users\tlacu\source\repos\miguelayala25\vgp332\decisionmaking\x64\debug\goalarriveatposition.obj
c:\users\tlacu\source\repos\miguelayala25\vgp332\decisionmaking\x64\debug\decisionmaking.ilk
c:\users\tlacu\source\repos\miguelayala25\vgp332\x64\debug\decisionmaking.exe
c:\users\tlacu\source\repos\miguelayala25\vgp332\x64\debug\decisionmaking.pdb
c:\users\tlacu\source\repos\miguelayala25\vgp332\x64\debug\decisionmaking.lib
c:\users\tlacu\source\repos\miguelayala25\vgp332\x64\debug\decisionmaking.exp
c:\users\tlacu\source\repos\miguelayala25\vgp332\decisionmaking\x64\debug\decisionmaking.tlog\cl.command.1.tlog
c:\users\tlacu\source\repos\miguelayala25\vgp332\decisionmaking\x64\debug\decisionmaking.tlog\cl.items.tlog
c:\users\tlacu\source\repos\miguelayala25\vgp332\decisionmaking\x64\debug\decisionmaking.tlog\cl.read.1.tlog
c:\users\tlacu\source\repos\miguelayala25\vgp332\decisionmaking\x64\debug\decisionmaking.tlog\cl.write.1.tlog
c:\users\tlacu\source\repos\miguelayala25\vgp332\decisionmaking\x64\debug\decisionmaking.tlog\link.command.1.tlog
c:\users\tlacu\source\repos\miguelayala25\vgp332\decisionmaking\x64\debug\decisionmaking.tlog\link.read.1.tlog
c:\users\tlacu\source\repos\miguelayala25\vgp332\decisionmaking\x64\debug\decisionmaking.tlog\link.write.1.tlog
c:\users\tlacu\source\repos\miguelayala25\vgp332\decisionmaking\x64\debug\decisionmaking.tlog\link.write.2u.tlog
