c:\users\tlacu\source\repos\miguelayala25\vgp332\perception1\x64\debug\vc143.pdb
c:\users\tlacu\source\repos\miguelayala25\vgp332\perception1\x64\debug\vc143.idb
c:\users\tlacu\source\repos\miguelayala25\vgp332\perception1\x64\debug\winmain.obj
c:\users\tlacu\source\repos\miguelayala25\vgp332\perception1\x64\debug\visualsensor.obj
c:\users\tlacu\source\repos\miguelayala25\vgp332\perception1\x64\debug\scv.obj
c:\users\tlacu\source\repos\miguelayala25\vgp332\perception1\x64\debug\mineral.obj
c:\users\tlacu\source\repos\miguelayala25\vgp332\perception1\x64\debug\movementsensor.obj
c:\users\tlacu\source\repos\miguelayala25\vgp332\x64\debug\perception1.lib
c:\users\tlacu\source\repos\miguelayala25\vgp332\x64\debug\perception1.exp
c:\users\tlacu\source\repos\miguelayala25\vgp332\x64\debug\perception1.exe
c:\users\tlacu\source\repos\miguelayala25\vgp332\perception1\x64\debug\perception1.ilk
c:\users\tlacu\source\repos\miguelayala25\vgp332\x64\debug\perception1.pdb
c:\users\tlacu\source\repos\miguelayala25\vgp332\perception1\x64\debug\perception1.tlog\cl.command.1.tlog
c:\users\tlacu\source\repos\miguelayala25\vgp332\perception1\x64\debug\perception1.tlog\cl.items.tlog
c:\users\tlacu\source\repos\miguelayala25\vgp332\perception1\x64\debug\perception1.tlog\cl.read.1.tlog
c:\users\tlacu\source\repos\miguelayala25\vgp332\perception1\x64\debug\perception1.tlog\cl.write.1.tlog
c:\users\tlacu\source\repos\miguelayala25\vgp332\perception1\x64\debug\perception1.tlog\link.command.1.tlog
c:\users\tlacu\source\repos\miguelayala25\vgp332\perception1\x64\debug\perception1.tlog\link.read.1.tlog
c:\users\tlacu\source\repos\miguelayala25\vgp332\perception1\x64\debug\perception1.tlog\link.write.1.tlog
c:\users\tlacu\source\repos\miguelayala25\vgp332\perception1\x64\debug\perception1.tlog\link.write.2u.tlog
