c:\users\tlacu\source\repos\miguelayala25\vgp332\ai\x64\debug\ai.pch
c:\users\tlacu\source\repos\miguelayala25\vgp332\x64\debug\ai.pdb
c:\users\tlacu\source\repos\miguelayala25\vgp332\x64\debug\ai.idb
c:\users\tlacu\source\repos\miguelayala25\vgp332\ai\x64\debug\precompiled.obj
c:\users\tlacu\source\repos\miguelayala25\vgp332\ai\x64\debug\wanderbehavior.obj
c:\users\tlacu\source\repos\miguelayala25\vgp332\ai\x64\debug\steeringmodule.obj
c:\users\tlacu\source\repos\miguelayala25\vgp332\ai\x64\debug\seekbehavior.obj
c:\users\tlacu\source\repos\miguelayala25\vgp332\ai\x64\debug\pursuitbehavior.obj
c:\users\tlacu\source\repos\miguelayala25\vgp332\ai\x64\debug\perception.obj
c:\users\tlacu\source\repos\miguelayala25\vgp332\ai\x64\debug\groupbehavior.obj
c:\users\tlacu\source\repos\miguelayala25\vgp332\ai\x64\debug\gridbasedgraph.obj
c:\users\tlacu\source\repos\miguelayala25\vgp332\ai\x64\debug\evadebehavior.obj
c:\users\tlacu\source\repos\miguelayala25\vgp332\ai\x64\debug\entity.obj
c:\users\tlacu\source\repos\miguelayala25\vgp332\ai\x64\debug\dijkstra.obj
c:\users\tlacu\source\repos\miguelayala25\vgp332\ai\x64\debug\dfs.obj
c:\users\tlacu\source\repos\miguelayala25\vgp332\ai\x64\debug\bfs.obj
c:\users\tlacu\source\repos\miguelayala25\vgp332\ai\x64\debug\astar.obj
c:\users\tlacu\source\repos\miguelayala25\vgp332\ai\x64\debug\aiworld.obj
c:\users\tlacu\source\repos\miguelayala25\vgp332\x64\debug\ai.lib
c:\users\tlacu\source\repos\miguelayala25\vgp332\ai\x64\debug\ai.tlog\cl.command.1.tlog
c:\users\tlacu\source\repos\miguelayala25\vgp332\ai\x64\debug\ai.tlog\cl.items.tlog
c:\users\tlacu\source\repos\miguelayala25\vgp332\ai\x64\debug\ai.tlog\cl.read.1.tlog
c:\users\tlacu\source\repos\miguelayala25\vgp332\ai\x64\debug\ai.tlog\cl.write.1.tlog
c:\users\tlacu\source\repos\miguelayala25\vgp332\ai\x64\debug\ai.tlog\lib-link.read.1.tlog
c:\users\tlacu\source\repos\miguelayala25\vgp332\ai\x64\debug\ai.tlog\lib-link.write.1.tlog
c:\users\tlacu\source\repos\miguelayala25\vgp332\ai\x64\debug\ai.tlog\lib.command.1.tlog
