c:\users\tlacu\source\repos\miguelayala25\vgp332\fsm\x64\debug\vc143.pdb
c:\users\tlacu\source\repos\miguelayala25\vgp332\fsm\x64\debug\vc143.idb
c:\users\tlacu\source\repos\miguelayala25\vgp332\fsm\x64\debug\winmain.obj
c:\users\tlacu\source\repos\miguelayala25\vgp332\fsm\x64\debug\pilotstates.obj
c:\users\tlacu\source\repos\miguelayala25\vgp332\fsm\x64\debug\pilot.obj
c:\users\tlacu\source\repos\miguelayala25\vgp332\fsm\x64\debug\minerstates.obj
c:\users\tlacu\source\repos\miguelayala25\vgp332\fsm\x64\debug\miner.obj
c:\users\tlacu\source\repos\miguelayala25\vgp332\fsm\x64\debug\fsm.ilk
c:\users\tlacu\source\repos\miguelayala25\vgp332\x64\debug\fsm.exe
c:\users\tlacu\source\repos\miguelayala25\vgp332\x64\debug\fsm.pdb
c:\users\tlacu\source\repos\miguelayala25\vgp332\x64\debug\fsm.lib
c:\users\tlacu\source\repos\miguelayala25\vgp332\x64\debug\fsm.exp
c:\users\tlacu\source\repos\miguelayala25\vgp332\fsm\x64\debug\fsm.tlog\cl.command.1.tlog
c:\users\tlacu\source\repos\miguelayala25\vgp332\fsm\x64\debug\fsm.tlog\cl.items.tlog
c:\users\tlacu\source\repos\miguelayala25\vgp332\fsm\x64\debug\fsm.tlog\cl.read.1.tlog
c:\users\tlacu\source\repos\miguelayala25\vgp332\fsm\x64\debug\fsm.tlog\cl.write.1.tlog
c:\users\tlacu\source\repos\miguelayala25\vgp332\fsm\x64\debug\fsm.tlog\link.command.1.tlog
c:\users\tlacu\source\repos\miguelayala25\vgp332\fsm\x64\debug\fsm.tlog\link.read.1.tlog
c:\users\tlacu\source\repos\miguelayala25\vgp332\fsm\x64\debug\fsm.tlog\link.write.1.tlog
c:\users\tlacu\source\repos\miguelayala25\vgp332\fsm\x64\debug\fsm.tlog\link.write.2u.tlog
