c:\users\tlacu\source\repos\miguelayala25\vgp332\x\x64\debug\x.pch
c:\users\tlacu\source\repos\miguelayala25\vgp332\x64\debug\x.pdb
c:\users\tlacu\source\repos\miguelayala25\vgp332\x64\debug\x.idb
c:\users\tlacu\source\repos\miguelayala25\vgp332\x\x64\debug\precompiled.obj
c:\users\tlacu\source\repos\miguelayala25\vgp332\x\x64\debug\xengine.obj
c:\users\tlacu\source\repos\miguelayala25\vgp332\x\x64\debug\vertexutil.obj
c:\users\tlacu\source\repos\miguelayala25\vgp332\x\x64\debug\vertexshader.obj
c:\users\tlacu\source\repos\miguelayala25\vgp332\x\x64\debug\vertex.obj
c:\users\tlacu\source\repos\miguelayala25\vgp332\x\x64\debug\timer.obj
c:\users\tlacu\source\repos\miguelayala25\vgp332\x\x64\debug\texturemanager.obj
c:\users\tlacu\source\repos\miguelayala25\vgp332\x\x64\debug\texture.obj
c:\users\tlacu\source\repos\miguelayala25\vgp332\x\x64\debug\spriterenderer.obj
c:\users\tlacu\source\repos\miguelayala25\vgp332\x\x64\debug\soundeffectmanager.obj
c:\users\tlacu\source\repos\miguelayala25\vgp332\x\x64\debug\simpledraw.obj
c:\users\tlacu\source\repos\miguelayala25\vgp332\x\x64\debug\rendertarget.obj
c:\users\tlacu\source\repos\miguelayala25\vgp332\x\x64\debug\pixelshader.obj
c:\users\tlacu\source\repos\miguelayala25\vgp332\x\x64\debug\inputsystem.obj
c:\users\tlacu\source\repos\miguelayala25\vgp332\x\x64\debug\gui.obj
c:\users\tlacu\source\repos\miguelayala25\vgp332\x\x64\debug\graphicssystem.obj
c:\users\tlacu\source\repos\miguelayala25\vgp332\x\x64\debug\font.obj
c:\users\tlacu\source\repos\miguelayala25\vgp332\x\x64\debug\constantbuffer.obj
c:\users\tlacu\source\repos\miguelayala25\vgp332\x\x64\debug\config.obj
c:\users\tlacu\source\repos\miguelayala25\vgp332\x\x64\debug\camera.obj
c:\users\tlacu\source\repos\miguelayala25\vgp332\x\x64\debug\audiosystem.obj
c:\users\tlacu\source\repos\miguelayala25\vgp332\x\x64\debug\xmath.obj
c:\users\tlacu\source\repos\miguelayala25\vgp332\x64\debug\x.lib
c:\users\tlacu\source\repos\miguelayala25\vgp332\x\x64\debug\x.tlog\cl.command.1.tlog
c:\users\tlacu\source\repos\miguelayala25\vgp332\x\x64\debug\x.tlog\cl.items.tlog
c:\users\tlacu\source\repos\miguelayala25\vgp332\x\x64\debug\x.tlog\cl.read.1.tlog
c:\users\tlacu\source\repos\miguelayala25\vgp332\x\x64\debug\x.tlog\cl.write.1.tlog
c:\users\tlacu\source\repos\miguelayala25\vgp332\x\x64\debug\x.tlog\lib-link.read.1.tlog
c:\users\tlacu\source\repos\miguelayala25\vgp332\x\x64\debug\x.tlog\lib-link.write.1.tlog
c:\users\tlacu\source\repos\miguelayala25\vgp332\x\x64\debug\x.tlog\lib.command.1.tlog
